<?xml version="1.0" encoding="UTF-8"?>
<!-- Generated by org.testng.reporters.JUnitXMLReporter -->
<testsuite hostname="NLVHPRAABV00193" ignored="0" name="ValidateTitleTest" tests="1" failures="1" timestamp="30 Aug 2018 05:25:55 GMT" time="2.098" errors="0">
  <testcase name="validateTitle" time="2.076" classname="qmetry.ValidateTitleTest">
    <failure type="java.lang.AssertionError" message="expected [true] but found [false]">
      <![CDATA[java.lang.AssertionError: expected [true] but found [false]
at qmetry.ValidateTitleTest.validateTitle(ValidateTitleTest.java:26)
... Removed 29 stack frames]]>
    </failure>
  </testcase> <!-- validateTitle -->
</testsuite> <!-- ValidateTitleTest -->
